c:\users\luke\source\repos\project\project\debug\vc142.pdb
c:\users\luke\source\repos\project\project\debug\vc142.idb
c:\users\luke\source\repos\project\project\debug\worldhandler.obj
c:\users\luke\source\repos\project\project\debug\windowhandler.obj
c:\users\luke\source\repos\project\project\debug\vertexbuffer.obj
c:\users\luke\source\repos\project\project\debug\timerhandler.obj
c:\users\luke\source\repos\project\project\debug\mousehandler.obj
c:\users\luke\source\repos\project\project\debug\model.obj
c:\users\luke\source\repos\project\project\debug\mesh.obj
c:\users\luke\source\repos\project\project\debug\main.obj
c:\users\luke\source\repos\project\project\debug\keyboardhandler.obj
c:\users\luke\source\repos\project\project\debug\graphicshandler.obj
c:\users\luke\source\repos\project\project\debug\exceptionhandler.obj
c:\users\luke\source\repos\project\project\debug\camera.obj
c:\users\luke\source\repos\project\project\pixelshader.cso
c:\users\luke\source\repos\project\project\vertexshader.cso
c:\users\luke\source\repos\project\debug\project.exe
c:\users\luke\source\repos\project\debug\project.ilk
c:\users\luke\source\repos\project\debug\project.pdb
c:\users\luke\source\repos\project\project\debug\project.tlog\cl.command.1.tlog
c:\users\luke\source\repos\project\project\debug\project.tlog\cl.read.1.tlog
c:\users\luke\source\repos\project\project\debug\project.tlog\cl.write.1.tlog
c:\users\luke\source\repos\project\project\debug\project.tlog\fxc.command.1.tlog
c:\users\luke\source\repos\project\project\debug\project.tlog\fxc.read.1.tlog
c:\users\luke\source\repos\project\project\debug\project.tlog\fxc.write.1.tlog
c:\users\luke\source\repos\project\project\debug\project.tlog\link.command.1.tlog
c:\users\luke\source\repos\project\project\debug\project.tlog\link.read.1.tlog
c:\users\luke\source\repos\project\project\debug\project.tlog\link.write.1.tlog
